<?xml version="1.0" encoding="UTF-8"?>
<testng-results ignored="0" total="1" passed="1" failed="0" skipped="0">
  <reporter-output>
  </reporter-output>
  <suite started-at="2022-05-29T16:04:50 IST" name="InetBankingV1" finished-at="2022-05-29T16:05:06 IST" duration-ms="15713">
    <groups>
    </groups>
    <test started-at="2022-05-29T16:04:50 IST" name="BankingApp TestOnEdge" finished-at="2022-05-29T16:05:06 IST" duration-ms="15713">
      <class name="com.inetbanking.testCases.TC_LoginTest_001">
        <test-method is-config="true" signature="setup(java.lang.String)[pri:0, instance:com.inetbanking.testCases.TC_LoginTest_001@30c93896]" started-at="2022-05-29T16:04:51 IST" name="setup" finished-at="2022-05-29T16:04:58 IST" duration-ms="6885" status="PASS">
          <params>
            <param index="0">
              <value>
                <![CDATA[edge]]>
              </value>
            </param>
          </params>
          <reporter-output>
          </reporter-output>
        </test-method> <!-- setup -->
        <test-method signature="loginTest()[pri:0, instance:com.inetbanking.testCases.TC_LoginTest_001@30c93896]" started-at="2022-05-29T16:04:58 IST" name="loginTest" finished-at="2022-05-29T16:05:06 IST" duration-ms="7974" status="PASS">
          <reporter-output>
          </reporter-output>
        </test-method> <!-- loginTest -->
        <test-method is-config="true" signature="tearDown()[pri:0, instance:com.inetbanking.testCases.TC_LoginTest_001@30c93896]" started-at="2022-05-29T16:05:06 IST" name="tearDown" finished-at="2022-05-29T16:05:06 IST" duration-ms="355" status="PASS">
          <reporter-output>
          </reporter-output>
        </test-method> <!-- tearDown -->
      </class> <!-- com.inetbanking.testCases.TC_LoginTest_001 -->
    </test> <!-- BankingApp TestOnEdge -->
  </suite> <!-- InetBankingV1 -->
</testng-results>
