<?xml version="1.0" encoding="UTF-8"?>
<testng-results ignored="0" total="1" passed="1" failed="0" skipped="0">
  <reporter-output>
  </reporter-output>
  <suite started-at="2022-05-28T13:17:20 IST" name="InetBankingV1" finished-at="2022-05-28T13:17:40 IST" duration-ms="20560">
    <groups>
    </groups>
    <test started-at="2022-05-28T13:17:20 IST" name="BankingApp TestOnEdge" finished-at="2022-05-28T13:17:40 IST" duration-ms="20560">
      <class name="com.inetbanking.testCases.TC_LoginTest_001">
        <test-method is-config="true" signature="setup(java.lang.String)[pri:0, instance:com.inetbanking.testCases.TC_LoginTest_001@1c7696c6]" started-at="2022-05-28T13:17:20 IST" name="setup" finished-at="2022-05-28T13:17:31 IST" duration-ms="10984" status="PASS">
          <params>
            <param index="0">
              <value>
                <![CDATA[edge]]>
              </value>
            </param>
          </params>
          <reporter-output>
          </reporter-output>
        </test-method> <!-- setup -->
        <test-method signature="loginTest()[pri:0, instance:com.inetbanking.testCases.TC_LoginTest_001@1c7696c6]" started-at="2022-05-28T13:17:31 IST" name="loginTest" finished-at="2022-05-28T13:17:40 IST" duration-ms="8673" status="PASS">
          <reporter-output>
          </reporter-output>
        </test-method> <!-- loginTest -->
        <test-method is-config="true" signature="tearDown()[pri:0, instance:com.inetbanking.testCases.TC_LoginTest_001@1c7696c6]" started-at="2022-05-28T13:17:40 IST" name="tearDown" finished-at="2022-05-28T13:17:40 IST" duration-ms="408" status="PASS">
          <reporter-output>
          </reporter-output>
        </test-method> <!-- tearDown -->
      </class> <!-- com.inetbanking.testCases.TC_LoginTest_001 -->
    </test> <!-- BankingApp TestOnEdge -->
  </suite> <!-- InetBankingV1 -->
</testng-results>
